<?xml version="1.0" encoding="UTF-8"?>
<testsuite name="com.thesis.ecommerce.EcommerceApplicationTests" tests="1" skipped="0" failures="0" errors="0" timestamp="2023-11-29T16:59:27" hostname="DESKTOP-FFLU4R4" time="1.213">
  <properties/>
  <testcase name="contextLoads()" classname="com.thesis.ecommerce.EcommerceApplicationTests" time="1.213"/>
  <system-out><![CDATA[23:59:16.569 [Test worker] INFO org.springframework.test.context.support.AnnotationConfigContextLoaderUtils -- Could not detect default configuration classes for test class [com.thesis.ecommerce.EcommerceApplicationTests]: EcommerceApplicationTests does not declare any static, non-private, non-final, nested classes annotated with @Configuration.
23:59:17.047 [Test worker] INFO org.springframework.boot.test.context.SpringBootTestContextBootstrapper -- Found @SpringBootConfiguration com.thesis.ecommerce.EcommerceApplication for test class com.thesis.ecommerce.EcommerceApplicationTests

  .   ____          _            __ _ _
 /\\ / ___'_ __ _ _(_)_ __  __ _ \ \ \ \
( ( )\___ | '_ | '_| | '_ \/ _` | \ \ \ \
 \\/  ___)| |_)| | | | | || (_| |  ) ) ) )
  '  |____| .__|_| |_|_| |_\__, | / / / /
 =========|_|==============|___/=/_/_/_/
 :: Spring Boot ::                (v3.2.0)

2023-11-29T23:59:18.013+07:00  INFO 10044 --- [    Test worker] c.t.ecommerce.EcommerceApplicationTests  : Starting EcommerceApplicationTests using Java 17.0.6 with PID 10044 (started by LenovoX280 in D:\GitHub\Git\biller\ecommerce)
2023-11-29T23:59:18.015+07:00  INFO 10044 --- [    Test worker] c.t.ecommerce.EcommerceApplicationTests  : No active profile set, falling back to 1 default profile: "default"
2023-11-29T23:59:19.478+07:00  INFO 10044 --- [    Test worker] .s.d.r.c.RepositoryConfigurationDelegate : Bootstrapping Spring Data JPA repositories in DEFAULT mode.
2023-11-29T23:59:19.625+07:00  INFO 10044 --- [    Test worker] .s.d.r.c.RepositoryConfigurationDelegate : Finished Spring Data repository scanning in 119 ms. Found 1 JPA repository interface.
2023-11-29T23:59:20.384+07:00  INFO 10044 --- [    Test worker] com.zaxxer.hikari.HikariDataSource       : HikariPool-1 - Starting...
2023-11-29T23:59:20.796+07:00  INFO 10044 --- [    Test worker] com.zaxxer.hikari.pool.HikariPool        : HikariPool-1 - Added connection org.postgresql.jdbc.PgConnection@4ae2e781
2023-11-29T23:59:20.800+07:00  INFO 10044 --- [    Test worker] com.zaxxer.hikari.HikariDataSource       : HikariPool-1 - Start completed.
2023-11-29T23:59:20.976+07:00  INFO 10044 --- [    Test worker] o.f.c.internal.license.VersionPrinter    : Flyway Community Edition 9.22.3 by Redgate
2023-11-29T23:59:20.977+07:00  INFO 10044 --- [    Test worker] o.f.c.internal.license.VersionPrinter    : See release notes here: https://rd.gt/416ObMi
2023-11-29T23:59:20.978+07:00  INFO 10044 --- [    Test worker] o.f.c.internal.license.VersionPrinter    : 
2023-11-29T23:59:21.009+07:00  INFO 10044 --- [    Test worker] org.flywaydb.core.FlywayExecutor         : Database: jdbc:postgresql://localhost:5432/ecommerce (PostgreSQL 13.3)
2023-11-29T23:59:21.101+07:00  INFO 10044 --- [    Test worker] o.f.core.internal.command.DbValidate     : Successfully validated 2 migrations (execution time 00:00.057s)
2023-11-29T23:59:21.119+07:00  INFO 10044 --- [    Test worker] o.f.core.internal.command.DbMigrate      : Current version of schema "e_commerce": 1
2023-11-29T23:59:21.125+07:00  INFO 10044 --- [    Test worker] o.f.core.internal.command.DbMigrate      : Schema "e_commerce" is up to date. No migration necessary.
2023-11-29T23:59:21.313+07:00  INFO 10044 --- [    Test worker] o.hibernate.jpa.internal.util.LogHelper  : HHH000204: Processing PersistenceUnitInfo [name: default]
2023-11-29T23:59:21.471+07:00  INFO 10044 --- [    Test worker] org.hibernate.Version                    : HHH000412: Hibernate ORM core version 6.3.1.Final
2023-11-29T23:59:21.553+07:00  INFO 10044 --- [    Test worker] o.h.c.internal.RegionFactoryInitiator    : HHH000026: Second-level cache disabled
2023-11-29T23:59:22.102+07:00  INFO 10044 --- [    Test worker] o.s.o.j.p.SpringPersistenceUnitInfo      : No LoadTimeWeaver setup: ignoring JPA class transformer
2023-11-29T23:59:22.600+07:00  WARN 10044 --- [    Test worker] org.hibernate.orm.deprecation            : HHH90000025: PostgreSQLDialect does not need to be specified explicitly using 'hibernate.dialect' (remove the property setting and it will be selected by default)
2023-11-29T23:59:26.053+07:00  INFO 10044 --- [    Test worker] o.h.e.t.j.p.i.JtaPlatformInitiator       : HHH000489: No JTA platform available (set 'hibernate.transaction.jta.platform' to enable JTA platform integration)
2023-11-29T23:59:26.128+07:00  INFO 10044 --- [    Test worker] j.LocalContainerEntityManagerFactoryBean : Initialized JPA EntityManagerFactory for persistence unit 'default'
2023-11-29T23:59:26.448+07:00  WARN 10044 --- [    Test worker] JpaBaseConfiguration$JpaWebConfiguration : spring.jpa.open-in-view is enabled by default. Therefore, database queries may be performed during view rendering. Explicitly configure spring.jpa.open-in-view to disable this warning
2023-11-29T23:59:27.562+07:00  INFO 10044 --- [    Test worker] c.t.ecommerce.EcommerceApplicationTests  : Started EcommerceApplicationTests in 10.138 seconds (process running for 14.427)
]]></system-out>
  <system-err><![CDATA[]]></system-err>
</testsuite>
